[debug] [2023-12-29T12:33:45.907Z] ----------------------------------------------------------------------
[debug] [2023-12-29T12:33:45.909Z] Command:       C:\Program Files\nodejs\node.exe C:\Users\User\AppData\Roaming\npm\node_modules\firebase-tools\lib\bin\firebase.js deploy
[debug] [2023-12-29T12:33:45.910Z] CLI Version:   11.29.1
[debug] [2023-12-29T12:33:45.910Z] Platform:      win32
[debug] [2023-12-29T12:33:45.910Z] Node Version:  v18.16.0
[debug] [2023-12-29T12:33:45.912Z] Time:          Fri Dec 29 2023 04:33:45 GMT-0800 (Pacific Standard Time)
[debug] [2023-12-29T12:33:45.912Z] ----------------------------------------------------------------------
[debug] 
[debug] [2023-12-29T12:33:45.993Z] > command requires scopes: ["email","openid","https://www.googleapis.com/auth/cloudplatformprojects.readonly","https://www.googleapis.com/auth/firebase","https://www.googleapis.com/auth/cloud-platform"]
[debug] [2023-12-29T12:33:45.994Z] > authorizing via signed-in user (christopher.eugene.rodriguez@gmail.com)
[debug] [2023-12-29T12:33:45.994Z] [iam] checking project grceri-c3702 for permissions ["cloudconfig.configs.get","cloudconfig.configs.update","cloudfunctions.functions.create","cloudfunctions.functions.delete","cloudfunctions.functions.get","cloudfunctions.functions.list","cloudfunctions.functions.update","cloudfunctions.operations.get","firebase.projects.get","firebasedatabase.instances.update","firebasehosting.sites.update"]
[debug] [2023-12-29T12:33:45.996Z] > refreshing access token with scopes: []
[debug] [2023-12-29T12:33:45.998Z] >>> [apiv2][query] POST https://www.googleapis.com/oauth2/v3/token [none]
[debug] [2023-12-29T12:33:45.998Z] >>> [apiv2][body] POST https://www.googleapis.com/oauth2/v3/token [omitted]
[debug] [2023-12-29T12:33:46.549Z] <<< [apiv2][status] POST https://www.googleapis.com/oauth2/v3/token 200
[debug] [2023-12-29T12:33:46.549Z] <<< [apiv2][body] POST https://www.googleapis.com/oauth2/v3/token [omitted]
[debug] [2023-12-29T12:33:46.566Z] >>> [apiv2][query] POST https://cloudresourcemanager.googleapis.com/v1/projects/grceri-c3702:testIamPermissions [none]
[debug] [2023-12-29T12:33:46.566Z] >>> [apiv2][(partial)header] POST https://cloudresourcemanager.googleapis.com/v1/projects/grceri-c3702:testIamPermissions x-goog-quota-user=projects/grceri-c3702
[debug] [2023-12-29T12:33:46.566Z] >>> [apiv2][body] POST https://cloudresourcemanager.googleapis.com/v1/projects/grceri-c3702:testIamPermissions {"permissions":["cloudconfig.configs.get","cloudconfig.configs.update","cloudfunctions.functions.create","cloudfunctions.functions.delete","cloudfunctions.functions.get","cloudfunctions.functions.list","cloudfunctions.functions.update","cloudfunctions.operations.get","firebase.projects.get","firebasedatabase.instances.update","firebasehosting.sites.update"]}
[debug] [2023-12-29T12:33:46.892Z] <<< [apiv2][status] POST https://cloudresourcemanager.googleapis.com/v1/projects/grceri-c3702:testIamPermissions 200
[debug] [2023-12-29T12:33:46.892Z] <<< [apiv2][body] POST https://cloudresourcemanager.googleapis.com/v1/projects/grceri-c3702:testIamPermissions {"permissions":["cloudconfig.configs.get","cloudconfig.configs.update","cloudfunctions.functions.create","cloudfunctions.functions.delete","cloudfunctions.functions.get","cloudfunctions.functions.list","cloudfunctions.functions.update","cloudfunctions.operations.get","firebase.projects.get","firebasedatabase.instances.update","firebasehosting.sites.update"]}
[debug] [2023-12-29T12:33:46.893Z] >>> [apiv2][query] POST https://iam.googleapis.com/v1/projects/grceri-c3702/serviceAccounts/grceri-c3702@appspot.gserviceaccount.com:testIamPermissions [none]
[debug] [2023-12-29T12:33:46.893Z] >>> [apiv2][body] POST https://iam.googleapis.com/v1/projects/grceri-c3702/serviceAccounts/grceri-c3702@appspot.gserviceaccount.com:testIamPermissions {"permissions":["iam.serviceAccounts.actAs"]}
[debug] [2023-12-29T12:33:47.553Z] <<< [apiv2][status] POST https://iam.googleapis.com/v1/projects/grceri-c3702/serviceAccounts/grceri-c3702@appspot.gserviceaccount.com:testIamPermissions 200
[debug] [2023-12-29T12:33:47.553Z] <<< [apiv2][body] POST https://iam.googleapis.com/v1/projects/grceri-c3702/serviceAccounts/grceri-c3702@appspot.gserviceaccount.com:testIamPermissions {"permissions":["iam.serviceAccounts.actAs"]}
[debug] [2023-12-29T12:33:47.554Z] >>> [apiv2][query] GET https://firebase.googleapis.com/v1beta1/projects/grceri-c3702 [none]
[debug] [2023-12-29T12:33:48.198Z] <<< [apiv2][status] GET https://firebase.googleapis.com/v1beta1/projects/grceri-c3702 200
[debug] [2023-12-29T12:33:48.198Z] <<< [apiv2][body] GET https://firebase.googleapis.com/v1beta1/projects/grceri-c3702 {"projectId":"grceri-c3702","projectNumber":"1059626737335","displayName":"grceri","name":"projects/grceri-c3702","resources":{"hostingSite":"grceri-c3702","realtimeDatabaseInstance":"grceri-c3702-default-rtdb"},"state":"ACTIVE","etag":"1_7aadbe82-a8fc-418d-aab6-cba631ec0b3d"}
[debug] [2023-12-29T12:33:48.199Z] >>> [apiv2][query] GET https://firebase.googleapis.com/v1beta1/projects/grceri-c3702 [none]
[debug] [2023-12-29T12:33:48.599Z] <<< [apiv2][status] GET https://firebase.googleapis.com/v1beta1/projects/grceri-c3702 200
[debug] [2023-12-29T12:33:48.599Z] <<< [apiv2][body] GET https://firebase.googleapis.com/v1beta1/projects/grceri-c3702 {"projectId":"grceri-c3702","projectNumber":"1059626737335","displayName":"grceri","name":"projects/grceri-c3702","resources":{"hostingSite":"grceri-c3702","realtimeDatabaseInstance":"grceri-c3702-default-rtdb"},"state":"ACTIVE","etag":"1_7aadbe82-a8fc-418d-aab6-cba631ec0b3d"}
[debug] [2023-12-29T12:34:02.120Z] >>> [apiv2][query] GET https://firebasehosting.googleapis.com/v1beta1/projects/grceri-c3702/sites pageToken=&pageSize=10
[debug] [2023-12-29T12:34:03.127Z] <<< [apiv2][status] GET https://firebasehosting.googleapis.com/v1beta1/projects/grceri-c3702/sites 200
[debug] [2023-12-29T12:34:03.128Z] <<< [apiv2][body] GET https://firebasehosting.googleapis.com/v1beta1/projects/grceri-c3702/sites {"sites":[{"name":"projects/grceri-c3702/sites/grceri-c3702","defaultUrl":"https://grceri-c3702.web.app","type":"DEFAULT_SITE"}]}
[debug] [2023-12-29T12:34:03.128Z] >>> [apiv2][query] GET https://firebasehosting.googleapis.com/v1beta1/projects/grceri-c3702/sites 
[debug] [2023-12-29T12:34:04.084Z] <<< [apiv2][status] GET https://firebasehosting.googleapis.com/v1beta1/projects/grceri-c3702/sites 200
[debug] [2023-12-29T12:34:04.084Z] <<< [apiv2][body] GET https://firebasehosting.googleapis.com/v1beta1/projects/grceri-c3702/sites {"sites":[{"name":"projects/grceri-c3702/sites/grceri-c3702","defaultUrl":"https://grceri-c3702.web.app","type":"DEFAULT_SITE"}]}
[debug] [2023-12-29T12:34:04.085Z] >>> [apiv2][query] GET https://firebase.googleapis.com/v1beta1/projects/grceri-c3702/webApps/-/config [none]
[debug] [2023-12-29T12:34:04.657Z] <<< [apiv2][status] GET https://firebase.googleapis.com/v1beta1/projects/grceri-c3702/webApps/-/config 200
[debug] [2023-12-29T12:34:04.657Z] <<< [apiv2][body] GET https://firebase.googleapis.com/v1beta1/projects/grceri-c3702/webApps/-/config {"projectId":"grceri-c3702","appId":"1:1059626737335:web:bfb6b833de618f726c3732","databaseURL":"https://grceri-c3702-default-rtdb.firebaseio.com","storageBucket":"grceri-c3702.appspot.com","apiKey":"AIzaSyDvEJ3FPnEFI4gkkr_QDeMA1KYSeBv1T9c","authDomain":"grceri-c3702.firebaseapp.com","messagingSenderId":"1059626737335","measurementId":"G-7ET1FLZQE6"}
[debug] [2023-12-29T12:36:04.710Z] Error
    at scheduleTarget (C:\Users\User\AppData\Roaming\npm\node_modules\firebase-tools\lib\frameworks\angular\index.js:51:19)
    at async build (C:\Users\User\AppData\Roaming\npm\node_modules\firebase-tools\lib\frameworks\angular\index.js:64:9)
    at async prepareFrameworks (C:\Users\User\AppData\Roaming\npm\node_modules\firebase-tools\lib\frameworks\index.js:286:108)
    at async deploy (C:\Users\User\AppData\Roaming\npm\node_modules\firebase-tools\lib\deploy\index.js:53:13)
[error] 
[error] Error: An unexpected error has occurred.
