[debug] [2023-12-31T10:22:10.461Z] ----------------------------------------------------------------------
[debug] [2023-12-31T10:22:10.464Z] Command:       C:\Program Files\nodejs\node.exe C:\Users\User\AppData\Roaming\npm\node_modules\firebase-tools\lib\bin\firebase.js deploy
[debug] [2023-12-31T10:22:10.465Z] CLI Version:   11.29.1
[debug] [2023-12-31T10:22:10.465Z] Platform:      win32
[debug] [2023-12-31T10:22:10.465Z] Node Version:  v18.16.0
[debug] [2023-12-31T10:22:10.467Z] Time:          Sun Dec 31 2023 02:22:10 GMT-0800 (Pacific Standard Time)
[debug] [2023-12-31T10:22:10.467Z] ----------------------------------------------------------------------
[debug] 
[debug] [2023-12-31T10:22:10.541Z] > command requires scopes: ["email","openid","https://www.googleapis.com/auth/cloudplatformprojects.readonly","https://www.googleapis.com/auth/firebase","https://www.googleapis.com/auth/cloud-platform"]
[debug] [2023-12-31T10:22:10.541Z] > authorizing via signed-in user (christopher.eugene.rodriguez@gmail.com)
[debug] [2023-12-31T10:22:10.541Z] [iam] checking project grceri-c3702 for permissions ["cloudconfig.configs.get","cloudconfig.configs.update","cloudfunctions.functions.create","cloudfunctions.functions.delete","cloudfunctions.functions.get","cloudfunctions.functions.list","cloudfunctions.functions.update","cloudfunctions.operations.get","firebase.projects.get","firebasedatabase.instances.update","firebasehosting.sites.update"]
[debug] [2023-12-31T10:22:10.544Z] >>> [apiv2][query] POST https://cloudresourcemanager.googleapis.com/v1/projects/grceri-c3702:testIamPermissions [none]
[debug] [2023-12-31T10:22:10.544Z] >>> [apiv2][(partial)header] POST https://cloudresourcemanager.googleapis.com/v1/projects/grceri-c3702:testIamPermissions x-goog-quota-user=projects/grceri-c3702
[debug] [2023-12-31T10:22:10.545Z] >>> [apiv2][body] POST https://cloudresourcemanager.googleapis.com/v1/projects/grceri-c3702:testIamPermissions {"permissions":["cloudconfig.configs.get","cloudconfig.configs.update","cloudfunctions.functions.create","cloudfunctions.functions.delete","cloudfunctions.functions.get","cloudfunctions.functions.list","cloudfunctions.functions.update","cloudfunctions.operations.get","firebase.projects.get","firebasedatabase.instances.update","firebasehosting.sites.update"]}
[debug] [2023-12-31T10:22:11.280Z] <<< [apiv2][status] POST https://cloudresourcemanager.googleapis.com/v1/projects/grceri-c3702:testIamPermissions 200
[debug] [2023-12-31T10:22:11.281Z] <<< [apiv2][body] POST https://cloudresourcemanager.googleapis.com/v1/projects/grceri-c3702:testIamPermissions {"permissions":["cloudconfig.configs.get","cloudconfig.configs.update","cloudfunctions.functions.create","cloudfunctions.functions.delete","cloudfunctions.functions.get","cloudfunctions.functions.list","cloudfunctions.functions.update","cloudfunctions.operations.get","firebase.projects.get","firebasedatabase.instances.update","firebasehosting.sites.update"]}
[debug] [2023-12-31T10:22:11.281Z] >>> [apiv2][query] POST https://iam.googleapis.com/v1/projects/grceri-c3702/serviceAccounts/grceri-c3702@appspot.gserviceaccount.com:testIamPermissions [none]
[debug] [2023-12-31T10:22:11.282Z] >>> [apiv2][body] POST https://iam.googleapis.com/v1/projects/grceri-c3702/serviceAccounts/grceri-c3702@appspot.gserviceaccount.com:testIamPermissions {"permissions":["iam.serviceAccounts.actAs"]}
[debug] [2023-12-31T10:22:11.992Z] <<< [apiv2][status] POST https://iam.googleapis.com/v1/projects/grceri-c3702/serviceAccounts/grceri-c3702@appspot.gserviceaccount.com:testIamPermissions 200
[debug] [2023-12-31T10:22:11.992Z] <<< [apiv2][body] POST https://iam.googleapis.com/v1/projects/grceri-c3702/serviceAccounts/grceri-c3702@appspot.gserviceaccount.com:testIamPermissions {"permissions":["iam.serviceAccounts.actAs"]}
[debug] [2023-12-31T10:22:11.993Z] >>> [apiv2][query] GET https://firebase.googleapis.com/v1beta1/projects/grceri-c3702 [none]
[debug] [2023-12-31T10:22:12.625Z] <<< [apiv2][status] GET https://firebase.googleapis.com/v1beta1/projects/grceri-c3702 200
[debug] [2023-12-31T10:22:12.625Z] <<< [apiv2][body] GET https://firebase.googleapis.com/v1beta1/projects/grceri-c3702 {"projectId":"grceri-c3702","projectNumber":"1059626737335","displayName":"grceri","name":"projects/grceri-c3702","resources":{"hostingSite":"grceri-c3702","realtimeDatabaseInstance":"grceri-c3702-default-rtdb"},"state":"ACTIVE","etag":"1_7aadbe82-a8fc-418d-aab6-cba631ec0b3d"}
[debug] [2023-12-31T10:22:12.625Z] >>> [apiv2][query] GET https://firebase.googleapis.com/v1beta1/projects/grceri-c3702 [none]
[debug] [2023-12-31T10:22:13.167Z] <<< [apiv2][status] GET https://firebase.googleapis.com/v1beta1/projects/grceri-c3702 200
[debug] [2023-12-31T10:22:13.167Z] <<< [apiv2][body] GET https://firebase.googleapis.com/v1beta1/projects/grceri-c3702 {"projectId":"grceri-c3702","projectNumber":"1059626737335","displayName":"grceri","name":"projects/grceri-c3702","resources":{"hostingSite":"grceri-c3702","realtimeDatabaseInstance":"grceri-c3702-default-rtdb"},"state":"ACTIVE","etag":"1_7aadbe82-a8fc-418d-aab6-cba631ec0b3d"}
[debug] [2023-12-31T10:22:56.111Z] Error: Unable to detirmine the application to deploy, you should use `ng deploy` via @angular/fire.
    at getContext (C:\Users\User\AppData\Roaming\npm\node_modules\firebase-tools\lib\frameworks\angular\index.js:173:15)
    at async discover (C:\Users\User\AppData\Roaming\npm\node_modules\firebase-tools\lib\frameworks\angular\index.js:21:30)
    at async discover (C:\Users\User\AppData\Roaming\npm\node_modules\firebase-tools\lib\frameworks\index.js:92:32)
    at async prepareFrameworks (C:\Users\User\AppData\Roaming\npm\node_modules\firebase-tools\lib\frameworks\index.js:266:25)
    at async deploy (C:\Users\User\AppData\Roaming\npm\node_modules\firebase-tools\lib\deploy\index.js:53:13)
[error] 
[error] Error: An unexpected error has occurred.
